This is pdfTeXk, Version 3.1415926-1.40.9 (Web2C 7.5.7) (format=latex 2008.12.1)  23 APR 2012 18:56
entering extended mode
 %&-line parsing enabled.
**CR_and_sims.tex
(./CR_and_sims.tex
LaTeX2e <2005/12/01>
Babel <v3.8l> and hyphenation patterns for english, usenglishmax, dumylang, noh
yphenation, german-x-2008-06-18, ngerman-x-2008-06-18, ancientgreek, ibycus, ar
abic, basque, bulgarian, catalan, pinyin, coptic, croatian, czech, danish, dutc
h, esperanto, estonian, farsi, finnish, french, galician, german, ngerman, mono
greek, greek, hungarian, icelandic, indonesian, interlingua, irish, italian, la
tin, mongolian, mongolian2a, bokmal, nynorsk, polish, portuguese, romanian, rus
sian, sanskrit, serbian, slovak, slovenian, spanish, swedish, turkish, ukenglis
h, ukrainian, uppersorbian, welsh, loaded.
(./aa.cls
Document Class: aa 2010/20/02 v7.0 
LaTeX document class for Astronomy and Astrophysics journal
(/usr/local/texlive/2008/texmf-dist/tex/latex/base/fleqn.clo
File: fleqn.clo 1998/08/17 v1.1c Standard LaTeX option (flush left equations)
\mathindent=\dimen102
)
\logodepth=\dimen103
\headerboxheight=\dimen104
\betweenumberspace=\dimen105
\aftertext=\dimen106
\headlineindent=\dimen107
\c@inst=\count79
\c@auth=\count80
\instindent=\dimen108
\authrun=\box26
\authorrunning=\toks14
\titrun=\box27
\titlerunning=\toks15
\number@fw@rds=\count81
\c@section=\count82
\c@subsection=\count83
\c@subsubsection=\count84
\c@paragraph=\count85
\c@subparagraph=\count86
\c@theorem=\count87
\figgap=\dimen109
\c@append=\count88
\c@figure=\count89
\c@table=\count90
\abovecaptionskip=\skip41
\belowcaptionskip=\skip42
\figcapgap=\dimen110
\tabcapgap=\dimen111
\bibindent=\dimen112
)
(/usr/local/texlive/2008/texmf-dist/tex/latex/graphics/graphicx.sty
Package: graphicx 1999/02/16 v1.0f Enhanced LaTeX Graphics (DPC,SPQR)

(/usr/local/texlive/2008/texmf-dist/tex/latex/graphics/keyval.sty
Package: keyval 1999/03/16 v1.13 key=value parser (DPC)
\KV@toks@=\toks16
)
(/usr/local/texlive/2008/texmf-dist/tex/latex/graphics/graphics.sty
Package: graphics 2006/02/20 v1.0o Standard LaTeX Graphics (DPC,SPQR)

(/usr/local/texlive/2008/texmf-dist/tex/latex/graphics/trig.sty
Package: trig 1999/03/16 v1.09 sin cos tan (DPC)
)
(/usr/local/texlive/2008/texmf/tex/latex/config/graphics.cfg
File: graphics.cfg 2007/01/18 v1.5 graphics configuration of teTeX/TeXLive
)
Package graphics Info: Driver file: dvips.def on input line 90.

(/usr/local/texlive/2008/texmf-dist/tex/latex/graphics/dvips.def
File: dvips.def 1999/02/16 v3.0i Driver-dependant file (DPC,SPQR)
))
\Gin@req@height=\dimen113
\Gin@req@width=\dimen114
)
(./natbib.sty
Package: natbib 2006/03/22 7.3 (PWD)
\bibhang=\skip43
\bibsep=\skip44
LaTeX Info: Redefining \cite on input line 541.
\c@NAT@ctr=\count91
)
(/usr/local/texlive/2008/texmf-dist/tex/latex/txfonts/txfonts.sty
Package: txfonts 2008/01/22 v3.2.1
LaTeX Font Info:    Redeclaring symbol font `operators' on input line 21.
LaTeX Font Info:    Overwriting symbol font `operators' in version `normal'
(Font)                  OT1/cmr/m/n --> OT1/txr/m/n on input line 21.
LaTeX Font Info:    Overwriting symbol font `operators' in version `bold'
(Font)                  OT1/cmr/bx/n --> OT1/txr/m/n on input line 21.
LaTeX Font Info:    Overwriting symbol font `operators' in version `bold'
(Font)                  OT1/txr/m/n --> OT1/txr/bx/n on input line 22.
\symitalic=\mathgroup4
LaTeX Font Info:    Overwriting symbol font `italic' in version `bold'
(Font)                  OT1/txr/m/it --> OT1/txr/bx/it on input line 26.
LaTeX Font Info:    Redeclaring math alphabet \mathbf on input line 29.
LaTeX Font Info:    Overwriting math alphabet `\mathbf' in version `normal'
(Font)                  OT1/cmr/bx/n --> OT1/txr/bx/n on input line 29.
LaTeX Font Info:    Overwriting math alphabet `\mathbf' in version `bold'
(Font)                  OT1/cmr/bx/n --> OT1/txr/bx/n on input line 29.
LaTeX Font Info:    Redeclaring math alphabet \mathit on input line 30.
LaTeX Font Info:    Overwriting math alphabet `\mathit' in version `normal'
(Font)                  OT1/cmr/m/it --> OT1/txr/m/it on input line 30.
LaTeX Font Info:    Overwriting math alphabet `\mathit' in version `bold'
(Font)                  OT1/cmr/bx/it --> OT1/txr/m/it on input line 30.
LaTeX Font Info:    Overwriting math alphabet `\mathit' in version `bold'
(Font)                  OT1/txr/m/it --> OT1/txr/bx/it on input line 31.
LaTeX Font Info:    Redeclaring math alphabet \mathsf on input line 40.
LaTeX Font Info:    Overwriting math alphabet `\mathsf' in version `normal'
(Font)                  OT1/cmss/m/n --> OT1/txss/m/n on input line 40.
LaTeX Font Info:    Overwriting math alphabet `\mathsf' in version `bold'
(Font)                  OT1/cmss/bx/n --> OT1/txss/m/n on input line 40.
LaTeX Font Info:    Overwriting math alphabet `\mathsf' in version `bold'
(Font)                  OT1/txss/m/n --> OT1/txss/b/n on input line 41.
LaTeX Font Info:    Redeclaring math alphabet \mathtt on input line 50.
LaTeX Font Info:    Overwriting math alphabet `\mathtt' in version `normal'
(Font)                  OT1/cmtt/m/n --> OT1/txtt/m/n on input line 50.
LaTeX Font Info:    Overwriting math alphabet `\mathtt' in version `bold'
(Font)                  OT1/cmtt/m/n --> OT1/txtt/m/n on input line 50.
LaTeX Font Info:    Overwriting math alphabet `\mathtt' in version `bold'
(Font)                  OT1/txtt/m/n --> OT1/txtt/b/n on input line 51.
LaTeX Font Info:    Redeclaring symbol font `letters' on input line 58.
LaTeX Font Info:    Overwriting symbol font `letters' in version `normal'
(Font)                  OML/cmm/m/it --> OML/txmi/m/it on input line 58.
LaTeX Font Info:    Overwriting symbol font `letters' in version `bold'
(Font)                  OML/cmm/b/it --> OML/txmi/m/it on input line 58.
LaTeX Font Info:    Overwriting symbol font `letters' in version `bold'
(Font)                  OML/txmi/m/it --> OML/txmi/bx/it on input line 59.
\symlettersA=\mathgroup5
LaTeX Font Info:    Overwriting symbol font `lettersA' in version `bold'
(Font)                  U/txmia/m/it --> U/txmia/bx/it on input line 67.
LaTeX Font Info:    Redeclaring symbol font `symbols' on input line 77.
LaTeX Font Info:    Overwriting symbol font `symbols' in version `normal'
(Font)                  OMS/cmsy/m/n --> OMS/txsy/m/n on input line 77.
LaTeX Font Info:    Overwriting symbol font `symbols' in version `bold'
(Font)                  OMS/cmsy/b/n --> OMS/txsy/m/n on input line 77.
LaTeX Font Info:    Overwriting symbol font `symbols' in version `bold'
(Font)                  OMS/txsy/m/n --> OMS/txsy/bx/n on input line 78.
\symAMSa=\mathgroup6
LaTeX Font Info:    Overwriting symbol font `AMSa' in version `bold'
(Font)                  U/txsya/m/n --> U/txsya/bx/n on input line 94.
\symAMSb=\mathgroup7
LaTeX Font Info:    Overwriting symbol font `AMSb' in version `bold'
(Font)                  U/txsyb/m/n --> U/txsyb/bx/n on input line 103.
\symsymbolsC=\mathgroup8
LaTeX Font Info:    Overwriting symbol font `symbolsC' in version `bold'
(Font)                  U/txsyc/m/n --> U/txsyc/bx/n on input line 113.
LaTeX Font Info:    Redeclaring symbol font `largesymbols' on input line 120.
LaTeX Font Info:    Overwriting symbol font `largesymbols' in version `normal'
(Font)                  OMX/cmex/m/n --> OMX/txex/m/n on input line 120.
LaTeX Font Info:    Overwriting symbol font `largesymbols' in version `bold'
(Font)                  OMX/cmex/m/n --> OMX/txex/m/n on input line 120.
LaTeX Font Info:    Overwriting symbol font `largesymbols' in version `bold'
(Font)                  OMX/txex/m/n --> OMX/txex/bx/n on input line 121.
\symlargesymbolsA=\mathgroup9
LaTeX Font Info:    Overwriting symbol font `largesymbolsA' in version `bold'
(Font)                  U/txexa/m/n --> U/txexa/bx/n on input line 129.
LaTeX Info: Redefining \not on input line 1043.
)
(./CR_and_sims.aux)
\openout1 = `CR_and_sims.aux'.

LaTeX Font Info:    Checking defaults for OML/txmi/m/it on input line 37.
LaTeX Font Info:    Try loading font information for OML+txmi on input line 37.


(/usr/local/texlive/2008/texmf-dist/tex/latex/txfonts/omltxmi.fd
File: omltxmi.fd 2000/12/15 v3.1
)
LaTeX Font Info:    ... okay on input line 37.
LaTeX Font Info:    Checking defaults for T1/cmr/m/n on input line 37.
LaTeX Font Info:    ... okay on input line 37.
LaTeX Font Info:    Checking defaults for OT1/cmr/m/n on input line 37.
LaTeX Font Info:    ... okay on input line 37.
LaTeX Font Info:    Checking defaults for OMS/txsy/m/n on input line 37.
LaTeX Font Info:    Try loading font information for OMS+txsy on input line 37.


(/usr/local/texlive/2008/texmf-dist/tex/latex/txfonts/omstxsy.fd
File: omstxsy.fd 2000/12/15 v3.1
)
LaTeX Font Info:    ... okay on input line 37.
LaTeX Font Info:    Checking defaults for OMX/txex/m/n on input line 37.
LaTeX Font Info:    Try loading font information for OMX+txex on input line 37.


(/usr/local/texlive/2008/texmf-dist/tex/latex/txfonts/omxtxex.fd
File: omxtxex.fd 2000/12/15 v3.1
)
LaTeX Font Info:    ... okay on input line 37.
LaTeX Font Info:    Checking defaults for U/txexa/m/n on input line 37.
LaTeX Font Info:    Try loading font information for U+txexa on input line 37.

(/usr/local/texlive/2008/texmf-dist/tex/latex/txfonts/utxexa.fd
File: utxexa.fd 2000/12/15 v3.1
)
LaTeX Font Info:    ... okay on input line 37.
LaTeX Font Info:    Try loading font information for OT1+txr on input line 37.

(/usr/local/texlive/2008/texmf-dist/tex/latex/txfonts/ot1txr.fd
File: ot1txr.fd 2000/12/15 v3.1
)
LaTeX Font Info:    Try loading font information for OMS+txr on input line 69.

(/usr/local/texlive/2008/texmf-dist/tex/latex/txfonts/omstxr.fd
File: omstxr.fd 2000/12/15 v3.1
)
LaTeX Font Info:    Font shape `OMS/txr/m/n' in size <10> not available
(Font)              Font shape `OMS/txsy/m/n' tried instead on input line 69.
LaTeX Font Info:    Try loading font information for OT1+txss on input line 69.


(/usr/local/texlive/2008/texmf-dist/tex/latex/txfonts/ot1txss.fd
File: ot1txss.fd 2000/12/15 v3.1
)
LaTeX Font Info:    Font shape `OT1/txss/m/n' will be
(Font)              scaled to size 16.41594pt on input line 69.
LaTeX Font Info:    Font shape `OT1/txss/bx/n' in size <17.28> not available
(Font)              Font shape `OT1/txss/b/n' tried instead on input line 69.
LaTeX Font Info:    Font shape `OT1/txss/b/n' will be
(Font)              scaled to size 16.41594pt on input line 69.
LaTeX Font Info:    Try loading font information for U+txmia on input line 69.

(/usr/local/texlive/2008/texmf-dist/tex/latex/txfonts/utxmia.fd
File: utxmia.fd 2000/12/15 v3.1
)
LaTeX Font Info:    Try loading font information for U+txsya on input line 69.

(/usr/local/texlive/2008/texmf-dist/tex/latex/txfonts/utxsya.fd
File: utxsya.fd 2000/12/15 v3.1
)
LaTeX Font Info:    Try loading font information for U+txsyb on input line 69.

(/usr/local/texlive/2008/texmf-dist/tex/latex/txfonts/utxsyb.fd
File: utxsyb.fd 2000/12/15 v3.1
)
LaTeX Font Info:    Try loading font information for U+txsyc on input line 69.

(/usr/local/texlive/2008/texmf-dist/tex/latex/txfonts/utxsyc.fd
File: utxsyc.fd 2000/12/15 v3.1
)
LaTeX Font Info:    Font shape `OT1/txss/m/n' will be
(Font)              scaled to size 8.54997pt on input line 69.
LaTeX Font Info:    Font shape `OT1/txss/bx/n' in size <9> not available
(Font)              Font shape `OT1/txss/b/n' tried instead on input line 69.
LaTeX Font Info:    Font shape `OT1/txss/b/n' will be
(Font)              scaled to size 8.54997pt on input line 69.
LaTeX Font Info:    Font shape `OT1/txss/m/n' will be
(Font)              scaled to size 10.40245pt on input line 74.
LaTeX Font Info:    Font shape `OT1/txss/bx/n' in size <10.95> not available
(Font)              Font shape `OT1/txss/b/n' tried instead on input line 74.
LaTeX Font Info:    Font shape `OT1/txss/b/n' will be
(Font)              scaled to size 10.40245pt on input line 74.
 [1


]
Underfull \vbox (badness 3601) has occurred while \output is active []

 [2]
LaTeX Font Info:    Font shape `OT1/txss/m/n' will be
(Font)              scaled to size 9.49997pt on input line 194.
LaTeX Font Info:    Font shape `OT1/txss/m/it' in size <10> not available
(Font)              Font shape `OT1/txss/m/sl' tried instead on input line 194.

LaTeX Font Info:    Font shape `OT1/txss/m/sl' will be
(Font)              scaled to size 9.49997pt on input line 194.
File: figures/gas_profiles.eps Graphic file (type eps)

<figures/gas_profiles.eps>
Overfull \hbox (6.0pt too wide) in paragraph at lines 249--250
 [][] 
 []

[3]
Underfull \hbox (badness 1655) in paragraph at lines 285--285
[][]\OT1/txr/m/n/9 We check our pro-ce-dure fit-ting in-di-vid-u-ally each of t
he 31
 []

File: figures/lx_m.eps Graphic file (type eps)
<figures/lx_m.eps>
File: figures/yx_m.eps Graphic file (type eps)
 <figures/yx_m.eps>
File: figures/sz_m.eps Graphic file (type eps)
 <figures/sz_m.eps>
Underfull \hbox (badness 10000) in paragraph at lines 328--330
\OT1/txr/m/n/9 Note. Scaling re-la-tions are re-ported in the form of
 []

[4]
File: figures/xlf.eps Graphic file (type eps)
 <figures/xlf.eps>
Underfull \vbox (badness 10000) has occurred while \output is active []

 [5]
Underfull \hbox (badness 10000) in paragraph at lines 371--372
\OT1/txr/m/n/9 Note. Scaling re-la-tions are re-ported in the form of
 []


Underfull \hbox (badness 10000) in paragraph at lines 394--395
\OT1/txr/m/n/9 Note. Scaling re-la-tions are re-ported in the form of
 []

[6]
Underfull \hbox (badness 1210) in paragraph at lines 475--477
\OT1/txr/m/n/10 R where we in-tro-duced the ad-vec-tive CR pro-file $\OML/txmi/
m/it/10 ^^Q\OT1/txr/m/n/10 (\OML/txmi/m/it/10 R\OT1/txr/m/n/10 ) =
 []

File: figures/CR_profiles_FinalModel.eps Graphic file (type eps)
<figures/CR_profiles_FinalModel.eps>
File: figures/CR_profiles_FinalModelvsREX_norm0.1.eps Graphic file (type eps)

<figures/CR_profiles_FinalModelvsREX_norm0.1.eps> [7]
Underfull \hbox (badness 1205) in paragraph at lines 509--509
[][]\OT1/txr/m/n/9 We cal-cu-late the CR pres-sure in the fol-low-ing way $\OML
/txmi/m/it/9 P[] \OT1/txr/m/n/9 =
 []

File: figures/SB_profiles_ALL.eps Graphic file (type eps)
<figures/SB_profiles_ALL.eps> [8]
Underfull \hbox (badness 1424) in paragraph at lines 552--555
\OT1/txr/m/n/10 Perseus it-self is surely the best stud-ied clus-ter in X-rays
 []


Underfull \vbox (badness 10000) has occurred while \output is active []

 [9]

LaTeX Warning: Text page 10 contains only floats.


Overfull \vbox (23.33403pt too high) has occurred while \output is active []



LaTeX Warning: Text page 10 contains only floats.


Overfull \vbox (23.33403pt too high) has occurred while \output is active []


Overfull \vbox (7.33403pt too high) has occurred while \output is active []


[10]
Underfull \hbox (badness 2573) in paragraph at lines 580--585
\OT1/txr/m/n/10 agree-ment with other ob-ser-va-tional con-strains, solv-ing
 []


Underfull \hbox (badness 1292) in paragraph at lines 580--585
\OT1/txr/m/n/10 pre-vi-ous ten-sions of the \OT1/txr/m/it/10 clas-si-cal \OT1/t
xr/m/n/10 hadronic model (see
 []

File: figures/PL_relation_testing_gimp.eps Graphic file (type eps)
<figures/PL_relation_testing_gimp.eps>
File: figures/PSZ_relation_testing_gimp.eps Graphic file (type eps)
 <figures/PSZ_relation_testing_gimp.eps>
[11]
File: figures/PL_relation.eps Graphic file (type eps)
 <figures/PL_relation.eps>
File: figures/PSZ_relation.eps Graphic file (type eps)
 <figures/PSZ_relation.eps> [12]
File: figures/RLFs_1.4.eps Graphic file (type eps)

<figures/RLFs_1.4.eps>
Underfull \vbox (badness 10000) has occurred while \output is active []

 [13]
Underfull \vbox (badness 10000) has occurred while \output is active []

File: figures/RLF_LOFAR.eps Graphic file (type eps)

<figures/RLF_LOFAR.eps>
File: figures/RLF_LOFAR_analytical_1.eps Graphic file (type eps)
 <figures/RLF_LOFAR_analytical_1.eps>
File: figures/CumDensityL_LOFAR.eps Graphic file (type eps)

<figures/CumDensityL_LOFAR.eps>
File: figures/CumDensityL_LOFAR_1.eps Graphic file (type eps)
 <figures/CumDensityL_LOFAR_1.eps>
Underfull \vbox (badness 10000) has occurred while \output is active []

 [14]
Underfull \vbox (badness 10000) has occurred while \output is active []


Underfull \vbox (badness 10000) has occurred while \output is active []

 [15]
Underfull \hbox (badness 1776) in paragraph at lines 662--663
\OT1/txr/m/n/10 struct an an-a-lyt-i-cal model to de-scribe $d\OML/txmi/m/it/10
 n=\OT1/txr/m/n/10 d\OML/txmi/m/it/10 L$\OT1/txr/m/n/10 . We fit the
 []


Underfull \hbox (badness 1668) in paragraph at lines 662--663
\OT1/txr/m/n/10 120 MHz RLF at dif-fer-ent red-shift as a 2-order poly-no-
 []


Underfull \hbox (badness 1210) in paragraph at lines 662--663
\OT1/txr/m/n/10 mial func-tion in the form of $[][] d\OML/txmi/m/it/10 n=\OT1/t
xr/m/n/10 d\OML/txmi/m/it/10 L[] \OT1/txr/m/n/10 = \OML/txmi/m/it/10 A[] \OT1/t
xr/m/n/10 +
 []

File: figures/RLF_LOFAR_flux.eps Graphic file (type eps)
<figures/RLF_LOFAR_flux.eps>
Overfull \hbox (6.0pt too wide) in paragraph at lines 668--670
 [][] 
 []

[16]
Underfull \hbox (badness 10000) in paragraph at lines 681--682

 []


Underfull \hbox (badness 1584) in paragraph at lines 722--723
[]\OT1/txr/m/n/10 where the sum is over the three CR spec-tral in-dexes
 []

File: figures/CR_profiles_simple_comparison.eps Graphic file (type eps)
<figures/CR_profiles_simple_comparison.eps>
Underfull \vbox (badness 1052) has occurred while \output is active []

 [17]
File: figures/CR_profiles_REXexactVSfake.eps Graphic file (type eps)

<figures/CR_profiles_REXexactVSfake.eps>
Overfull \hbox (6.0pt too wide) in paragraph at lines 754--755
 [][] 
 []

[18]
File: figures/RLF_observations.eps Graphic file (type eps)
 <figures/RLF_observations.eps> (./CR_and_sims.bbl
Underfull \vbox (badness 3482) has occurred while \output is active []

 [19]
Underfull \hbox (badness 1371) in paragraph at lines 436--438
[]\OT1/txr/m/n/8 Han, J., Frenk, C. S., Eke, V. R., Gao, L., & White, S. D. M. 
2012,
 []


Underfull \vbox (badness 10000) has occurred while \output is active []


Underfull \hbox (badness 1377) in paragraph at lines 657--660
\OT1/txr/m/n/8 Meeting Abstracts, Vol. 219, American Astronomical Society Meeti
ng
 []

) [20] (./CR_and_sims.aux) ) 
Here is how much of TeX's memory you used:
 2142 strings out of 493887
 25599 string characters out of 1151122
 128312 words of memory out of 3000000
 5402 multiletter control sequences out of 10000+50000
 35142 words of font info for 97 fonts, out of 3000000 for 5000
 714 hyphenation exceptions out of 8191
 25i,12n,25p,2800b,310s stack positions out of 5000i,500n,10000p,200000b,50000s

Output written on CR_and_sims.dvi (20 pages, 164768 bytes).
